<?xml version="1.0" encoding="UTF-8"?>
<!-- Generated by org.testng.reporters.JUnitXMLReporter -->
<testsuite hostname="Donovans-MacBook-Pro.local" name="Default test" tests="1" failures="0" timestamp="17 May 2017 16:31:37 GMT" time="0.034" errors="0">
  <testcase name="@BeforeClass setDriver" time="0.0" classname="com.kineticskunk.auto.webdriverfactory.ChromeDriverFactoryTestNG">
    <failure type="org.testng.TestNGException" message="
Parameter &amp;apos;browserType&amp;apos; is required by @Configuration on method setDriver but has not been marked @Optional or defined
in /private/var/folders/vl/v90crhyn5pd0ng6493kkhbqc0000gn/T/testng-eclipse--959905705/testng-customsuite.xml">
      <![CDATA[org.testng.TestNGException: 
Parameter 'browserType' is required by @Configuration on method setDriver but has not been marked @Optional or defined
in /private/var/folders/vl/v90crhyn5pd0ng6493kkhbqc0000gn/T/testng-eclipse--959905705/testng-customsuite.xml
	at org.testng.internal.Parameters.createParameters(Parameters.java:154)
	at org.testng.internal.Parameters.createParameters(Parameters.java:361)
	at org.testng.internal.Parameters.createConfigurationParameters(Parameters.java:84)
	at org.testng.internal.Invoker.invokeConfigurations(Invoker.java:201)
	at org.testng.internal.Invoker.invokeConfigurations(Invoker.java:142)
	at org.testng.internal.TestMethodWorker.invokeBeforeClassMethods(TestMethodWorker.java:178)
	at org.testng.internal.TestMethodWorker.run(TestMethodWorker.java:108)
	at org.testng.TestRunner.privateRun(TestRunner.java:782)
	at org.testng.TestRunner.run(TestRunner.java:632)
	at org.testng.SuiteRunner.runTest(SuiteRunner.java:366)
	at org.testng.SuiteRunner.runSequentially(SuiteRunner.java:361)
	at org.testng.SuiteRunner.privateRun(SuiteRunner.java:319)
	at org.testng.SuiteRunner.run(SuiteRunner.java:268)
	at org.testng.SuiteRunnerWorker.runSuite(SuiteRunnerWorker.java:52)
	at org.testng.SuiteRunnerWorker.run(SuiteRunnerWorker.java:86)
	at org.testng.TestNG.runSuitesSequentially(TestNG.java:1244)
	at org.testng.TestNG.runSuitesLocally(TestNG.java:1169)
	at org.testng.TestNG.run(TestNG.java:1064)
	at org.testng.remote.AbstractRemoteTestNG.run(AbstractRemoteTestNG.java:132)
	at org.testng.remote.RemoteTestNG.initAndRun(RemoteTestNG.java:230)
	at org.testng.remote.RemoteTestNG.main(RemoteTestNG.java:76)
]]>
    </failure>
  </testcase> <!-- @BeforeClass setDriver -->
  <testcase name="@BeforeClass beforeDriverFactoryTestNG" time="0.0" classname="com.kineticskunk.auto.webdriverfactory.ChromeDriverFactoryTestNG">
    <skipped/>
  </testcase> <!-- @BeforeClass beforeDriverFactoryTestNG -->
  <testcase name="@BeforeGroups beforeKineticSkunk" time="0.0" classname="com.kineticskunk.auto.webdriverfactory.ChromeDriverFactoryTestNG">
    <skipped/>
  </testcase> <!-- @BeforeGroups beforeKineticSkunk -->
  <testcase name="@AfterClass afterFireFoxDriverFactoryTestNG" time="0.0" classname="com.kineticskunk.auto.webdriverfactory.ChromeDriverFactoryTestNG">
    <skipped/>
  </testcase> <!-- @AfterClass afterFireFoxDriverFactoryTestNG -->
  <testcase name="@AfterClass quitDriver" time="0.0" classname="com.kineticskunk.auto.webdriverfactory.ChromeDriverFactoryTestNG">
    <skipped/>
  </testcase> <!-- @AfterClass quitDriver -->
  <testcase name="verifyTitle" time="0.005" classname="com.kineticskunk.auto.webdriverfactory.ChromeDriverFactoryTestNG">
    <skipped/>
  </testcase> <!-- verifyTitle -->
</testsuite> <!-- Default test -->
